Arguments: 
  C:\Program Files\nodejs\node.exe C:\Program Files (x86)\Yarn\bin\yarn.js add gulp

PATH: 
  C:\Users\Admin\AppData\Local\Programs\Python\Python36-32\;C:\Users\Admin\AppData\Local\Programs\Python\Python36-32\Scripts\;C:\Program Files\Microsoft MPI\Bin\;C:\WINDOWS\system32;C:\WINDOWS;C:\WINDOWS\System32\Wbem;C:\WINDOWS\System32\WindowsPowerShell\v1.0\;C:\Program Files\Microsoft SQL Server\120\Tools\Binn\;C:\Program Files (x86)\GtkSharp\2.12\bin;C:\Program Files\Microsoft SQL Server\Client SDK\ODBC\110\Tools\Binn\;C:\Program Files (x86)\Microsoft SQL Server\120\Tools\Binn\;C:\Program Files\Microsoft SQL Server\120\DTS\Binn\;C:\Program Files (x86)\Microsoft SQL Server\120\Tools\Binn\ManagementStudio\;C:\Program Files (x86)\Microsoft SQL Server\120\DTS\Binn\;C:\Program Files\Microsoft SQL Server\130\Tools\Binn\;C:\Program Files\Microsoft\Web Platform Installer\;C:\Program Files (x86)\Skype\Phone\;C:\Program Files\Intel\WiFi\bin\;C:\Program Files\Common Files\Intel\WirelessCommon\;C:\Program Files\dotnet\;C:\Program Files (x86)\dotnet\;C:\Program Files (x86)\Microsoft SQL Server\Client SDK\ODBC\110\Tools\Binn\;C:\Program Files\Microsoft SQL Server\Client SDK\ODBC\130\Tools\Binn\;C:\Program Files (x86)\Microsoft SQL Server\130\Tools\Binn\;C:\Program Files\Microsoft SQL Server\130\DTS\Binn\;C:\WINDOWS\System32\OpenSSH\;C:\Program Files (x86)\Microsoft SQL Server\140\Tools\Binn\;C:\Program Files\Microsoft SQL Server\140\Tools\Binn\;C:\Program Files (x86)\Microsoft SQL Server\140\DTS\Binn\;C:\Program Files\Microsoft SQL Server\140\DTS\Binn\;C:\Program Files (x86)\Microsoft SQL Server\Client SDK\ODBC\130\Tools\Binn\;C:\Program Files (x86)\Microsoft SQL Server\140\Tools\Binn\ManagementStudio\;C:\Program Files\PostgreSQL\9.6\bin;C:\Program Files (x86)\CodeSmith\v8.0\;C:\Program Files (x86)\Yarn\bin\;C:\Program Files\nodejs\;C:\Users\Admin\AppData\Local\Programs\Python\Python36-32\Scripts\;C:\Users\Admin\AppData\Local\Programs\Python\Python36-32\;C:\Users\Admin\.dnx\bin;C:\Program Files\Intel\WiFi\bin\;C:\Program Files\Common Files\Intel\WirelessCommon\;C:\Program Files (x86)\Microsoft VS Code\bin;C:\Users\Admin\AppData\Local\Microsoft\WindowsApps;C:\Program Files\PostgreSQL\9.6\bin;C:\Users\Admin\AppData\Local\Yarn\bin;C:\Users\Admin\AppData\Roaming\npm

Yarn version: 
  1.7.0

Node version: 
  8.11.3

Platform: 
  win32 x64

Trace: 
  Error: connect ETIMEDOUT 104.18.96.96:443
      at Object._errnoException (util.js:992:11)
      at _exceptionWithHostPort (util.js:1014:20)
      at TCPConnectWrap.afterConnect [as oncomplete] (net.js:1186:14)

npm manifest: 
  {
    "name": "Olympus",
    "version": "1.0.0",
    "description": "HTML-template",
    "main": "gulpfile.js",
    "scripts": {
      "test": "scripts"
    },
    "repository": {
      "type": "git",
      "url": "Olympus"
    },
    "keywords": [
      "html",
      "template"
    ],
    "author": "Crumina",
    "license": "ISC",
    "devDependencies": {
      "browser-sync": "^2.23.6",
      "coffee": "^3.2.4",
      "coffee-script": "^1.12.6",
      "del": "^2.2.0",
      "fixmyjs": "^1.0.3",
      "gulp": "^3.9.1",
      "gulp-autoprefixer": "^3.1.1",
      "gulp-cache": "^0.4.6",
      "gulp-clean-css": "^3.9.2",
      "gulp-coffee": "^2.3.5",
      "gulp-compile-handlebars": "^0.6.1",
      "gulp-concat": "^2.6.1",
      "gulp-csscomb": "^3.0.7",
      "gulp-cssmin": "^0.2.0",
      "gulp-csso": "^2.0.0",
      "gulp-declare": "^0.3.0",
      "gulp-handlebars": "^4.0.0",
      "gulp-handlebars-html": "0.0.2",
      "gulp-htmlhint": "^0.3.1",
      "gulp-htmlmin": "^1.3.0",
      "gulp-if": "^2.0.2",
      "gulp-imagemin": "^3.4.0",
      "gulp-jscpd": "0.0.6",
      "gulp-jscs": "^3.0.2",
      "gulp-jsonlint": "^1.2.1",
      "gulp-minify": "0.0.13",
      "gulp-minify-css": "^1.2.4",
      "gulp-plumber": "^1.2.0",
      "gulp-rigger": "^0.5.8",
      "gulp-sass": "^3.1.0",
      "gulp-sourcemaps": "^2.6.4",
      "gulp-sourcemaps-support": "0.0.1",
      "gulp-tinypng": "^1.0.2",
      "gulp-uglify": "^3.0.0",
      "gulp-uncss": "^1.0.5",
      "gulp-useref": "^3.1.4",
      "gulp-watch": "^4.3.5",
      "gulp-wrap": "^0.13.0",
      "handlebars": "^4.0.11",
      "imagemin-pngquant": "^4.2.2",
      "merge-stream": "^1.0.1",
      "rimraf": "^2.6.2",
      "run-sequence": "^2.2.1"
    },
    "dependencies": {
      "bootstrap": "^4.0.0",
      "del": "^2.2.2",
      "gulp-svgmin": "^1.2.4"
    }
  }

yarn manifest: 
  No manifest

Lockfile: 
  No lockfile
